<?xml version="1.0" encoding="UTF-8"?>
<!-- Generated by org.testng.reporters.JUnitReportReporter -->
<testsuite hostname="selenium19" failures="1" tests="1" name="runners.Rerunner" time="7.047" errors="0" timestamp="2024-12-25T16:53:44 IST" skipped="0">
  <testcase classname="runners.Rerunner" name="runScenario" time="7.047">
    <failure message="expected [Java Tutorial - Google Search Page] but found [Java Tutorial - Google Search]" type="java.lang.AssertionError">
      <![CDATA[java.lang.AssertionError: expected [Java Tutorial - Google Search Page] but found [Java Tutorial - Google Search]
at org.testng.Assert.fail(Assert.java:99)
at org.testng.Assert.failNotEquals(Assert.java:1037)
at org.testng.Assert.assertEqualsImpl(Assert.java:140)
at org.testng.Assert.assertEquals(Assert.java:122)
at org.testng.Assert.assertEquals(Assert.java:629)
at org.testng.Assert.assertEquals(Assert.java:639)
at stepDefs.GooglePageStepDef.should_display_the_java_result_page(GooglePageStepDef.java:50)
at ✽.Should display the java result Page(file:///C:/workspace/Monika/BDDPOMCucumber/src/test/resources/feature/GooglePageSearch.feature:13)
]]>
    </failure>
  </testcase> <!-- runScenario -->
  <system-out/>
</testsuite> <!-- runners.Rerunner -->
